<?xml version="1.0" encoding="UTF-8"?>
<testsuite name="json.ToDoListPersistenceIT" tests="10" skipped="0" failures="0" errors="0" timestamp="2015-03-22T19:44:24" hostname="Aspire" time="0.17">
  <properties/>
  <testcase name="testAddItem" classname="json.ToDoListPersistenceIT" time="0.13"/>
  <testcase name="testCreateList" classname="json.ToDoListPersistenceIT" time="0.003"/>
  <testcase name="testFileWritting" classname="json.ToDoListPersistenceIT" time="0.004"/>
  <testcase name="testEditList" classname="json.ToDoListPersistenceIT" time="0.003"/>
  <testcase name="testEraseList" classname="json.ToDoListPersistenceIT" time="0.003"/>
  <testcase name="testCreateDir" classname="json.ToDoListPersistenceIT" time="0.001"/>
  <testcase name="testinverseItem" classname="json.ToDoListPersistenceIT" time="0.008"/>
  <testcase name="testDeleteitem" classname="json.ToDoListPersistenceIT" time="0.006"/>
  <testcase name="testGetList" classname="json.ToDoListPersistenceIT" time="0.005"/>
  <testcase name="testgetCategories" classname="json.ToDoListPersistenceIT" time="0.005"/>
  <system-out><![CDATA[]]></system-out>
  <system-err><![CDATA[]]></system-err>
</testsuite>
