<?xml version="1.0" encoding="UTF-8"?>
<testsuite name="json.ToDoListPersistenceTest" tests="1" skipped="0" failures="0" errors="0" timestamp="2015-02-18T18:20:32" hostname="Aspire" time="0.045">
  <properties/>
  <testcase name="testGetCategories" classname="json.ToDoListPersistenceTest" time="0.045"/>
  <system-out><![CDATA[]]></system-out>
  <system-err><![CDATA[]]></system-err>
</testsuite>
